<?xml version="1.0" encoding="UTF-8"?>
<robot generator="Robot 4.1 (Python 3.9.6 on linux)" generated="20210903 23:38:20.415" rpa="false" schemaversion="2">
<suite id="s1" name="Validate Tv Schedule" source="/home/carlos/DesafioAccenture/desafio-accenture/tests/web/validate_tv_schedule.robot">
<kw name="Start Browser Session" library="base.web" type="SETUP">
<kw name="New Browser" library="Browser">
<arg>chromium</arg>
<arg>False</arg>
<tag>BrowserControl</tag>
<tag>Setter</tag>
<doc>Create a new playwright Browser with specified options.</doc>
<msg timestamp="20210903 23:38:20.853" level="INFO">{"browser": "chromium", "headless": false, "handleSIGINT": true, "handleSIGTERM": true, "handleSIGHUP": true, "timeout": 30000.0, "devtools": false, "slowMo": 0.0, "tracesDir": "/home/carlos/DesafioAccenture/desafio-accenture/logs.web/browser/traces/ab33eb71-641d-49b2-b3fb-1c49ba621ae3"}</msg>
<msg timestamp="20210903 23:38:21.036" level="INFO">Successfully created browser with options: {"browser":"chromium","headless":false,"handleSIGINT":true,"handleSIGTERM":true,"handleSIGHUP":true,"timeout":30000,"devtools":false,"slowMo":0,"tracesDir":"/home/carlos/DesafioAccenture/desafio-accenture/logs.web/browser/traces/ab33eb71-641d-49b2-b3fb-1c49ba621ae3"}</msg>
<status status="PASS" starttime="20210903 23:38:20.853" endtime="20210903 23:38:21.036"/>
</kw>
<kw name="New Page" library="Browser">
<arg>about:blank</arg>
<tag>BrowserControl</tag>
<tag>Setter</tag>
<doc>Open a new Page. A Page is the Playwright equivalent to a tab.
See `Browser, Context and Page` for more information about Page concept.
Returns a stable identifier for the created page.</doc>
<msg timestamp="20210903 23:38:21.235" level="INFO">Successfully initialized new page object and opened url: about:blank</msg>
<msg timestamp="20210903 23:38:21.235" level="INFO">No context was open. New context was automatically opened when this page is created.</msg>
<status status="PASS" starttime="20210903 23:38:21.036" endtime="20210903 23:38:21.235"/>
</kw>
<status status="PASS" starttime="20210903 23:38:20.853" endtime="20210903 23:38:21.235"/>
</kw>
<test id="s1-t1" name="Live Now Validation">
<kw name="Go To Sky Site" library="validate_tv_schedule.kw">
<kw name="Go To" library="Browser">
<arg>http://www.sky.com.br</arg>
<tag>BrowserControl</tag>
<tag>Setter</tag>
<doc>Navigates to the given ``url``.</doc>
<msg timestamp="20210903 23:38:24.173" level="INFO">Successfully opened URL http://www.sky.com.br</msg>
<status status="PASS" starttime="20210903 23:38:21.246" endtime="20210903 23:38:24.173"/>
</kw>
<kw name="Close The Popup If It Shows" library="validate_tv_schedule.kw">
<kw name="Click" library="Browser">
<arg>css=button[class=close]</arg>
<tag>PageContent</tag>
<tag>Setter</tag>
<doc>Simulates mouse click on the element found by ``selector``.</doc>
<status status="PASS" starttime="20210903 23:38:24.174" endtime="20210903 23:38:24.271"/>
</kw>
<status status="PASS" starttime="20210903 23:38:24.173" endtime="20210903 23:38:24.271"/>
</kw>
<kw name="Take Screenshot" library="Browser">
<tag>PageContent</tag>
<doc>Takes a screenshot of the current window or element and saves it to disk.</doc>
<msg timestamp="20210903 23:38:24.505" level="INFO" html="true">&lt;/td&gt;&lt;/tr&gt;&lt;tr&gt;&lt;td colspan="3"&gt;&lt;a href="browser/screenshot/robotframework-browser-screenshot-1.png"&gt;&lt;img src="browser/screenshot/robotframework-browser-screenshot-1.png" width="800px"&gt;&lt;/a&gt;</msg>
<status status="PASS" starttime="20210903 23:38:24.272" endtime="20210903 23:38:24.505"/>
</kw>
<status status="PASS" starttime="20210903 23:38:21.246" endtime="20210903 23:38:24.505"/>
</kw>
<kw name="Access The Programming Page" library="validate_tv_schedule.kw">
<kw name="Click" library="Browser">
<arg>css=a[href="/programacao"]</arg>
<tag>PageContent</tag>
<tag>Setter</tag>
<doc>Simulates mouse click on the element found by ``selector``.</doc>
<status status="PASS" starttime="20210903 23:38:24.505" endtime="20210903 23:38:24.853"/>
</kw>
<kw name="Wait For Elements State" library="Browser">
<arg>css=span &gt;&gt; text=Passando Agora</arg>
<arg>visible</arg>
<arg>5s</arg>
<tag>PageContent</tag>
<tag>Wait</tag>
<doc>Waits for the element found by ``selector`` to satisfy state option.</doc>
<msg timestamp="20210903 23:38:26.080" level="INFO">Wait for Element with selector: css=span &gt;&gt; text=Passando Agora</msg>
<status status="PASS" starttime="20210903 23:38:24.853" endtime="20210903 23:38:26.080"/>
</kw>
<status status="PASS" starttime="20210903 23:38:24.505" endtime="20210903 23:38:26.080"/>
</kw>
<kw name="Go To The Schedule Block" library="validate_tv_schedule.kw">
<kw name="Click" library="Browser">
<arg>css=.schedule-block</arg>
<tag>PageContent</tag>
<tag>Setter</tag>
<doc>Simulates mouse click on the element found by ``selector``.</doc>
<status status="PASS" starttime="20210903 23:38:26.081" endtime="20210903 23:38:27.632"/>
</kw>
<status status="PASS" starttime="20210903 23:38:26.080" endtime="20210903 23:38:27.632"/>
</kw>
<kw name="Click On The Live Show" library="validate_tv_schedule.kw">
<kw name="Save The Live Show Name And Hour From The Block" library="validate_tv_schedule.kw">
<kw name="Get Text" library="Browser">
<var>${live_show_name_on_block}</var>
<arg>xpath=//div[@class="schedule-inner schedule-live"]//div[@class="program-schedule-content"]//h2[@class="program-schedule-title"]</arg>
<tag>Assertion</tag>
<tag>Getter</tag>
<tag>PageContent</tag>
<doc>Returns text attribute of the element found by ``selector``.</doc>
<msg timestamp="20210903 23:38:28.159" level="INFO">${live_show_name_on_block} = SKY PLAY</msg>
<status status="PASS" starttime="20210903 23:38:27.632" endtime="20210903 23:38:28.159"/>
</kw>
<kw name="Set Suite Variable" library="BuiltIn">
<arg>${live_show_name_on_block}</arg>
<doc>Makes a variable available everywhere within the scope of the current suite.</doc>
<msg timestamp="20210903 23:38:28.159" level="INFO">${live_show_name_on_block} = SKY PLAY</msg>
<status status="PASS" starttime="20210903 23:38:28.159" endtime="20210903 23:38:28.159"/>
</kw>
<kw name="Log To Console" library="BuiltIn">
<arg>${live_show_name_on_block}</arg>
<doc>Logs the given message to the console.</doc>
<status status="PASS" starttime="20210903 23:38:28.159" endtime="20210903 23:38:28.160"/>
</kw>
<kw name="Get Text" library="Browser">
<var>${live_show_hour_on_block}</var>
<arg>xpath=//div[@class="schedule-inner schedule-live"]//div[@class="program-schedule-content"]//div[@class="program-schedule-info"]//div[@class="program-duration"]//p</arg>
<tag>Assertion</tag>
<tag>Getter</tag>
<tag>PageContent</tag>
<doc>Returns text attribute of the element found by ``selector``.</doc>
<msg timestamp="20210903 23:38:28.193" level="INFO">${live_show_hour_on_block} = 23:38 - 23:38</msg>
<status status="PASS" starttime="20210903 23:38:28.160" endtime="20210903 23:38:28.193"/>
</kw>
<kw name="Set Suite Variable" library="BuiltIn">
<arg>${live_show_hour_on_block}</arg>
<doc>Makes a variable available everywhere within the scope of the current suite.</doc>
<msg timestamp="20210903 23:38:28.194" level="INFO">${live_show_hour_on_block} = 23:38 - 23:38</msg>
<status status="PASS" starttime="20210903 23:38:28.194" endtime="20210903 23:38:28.194"/>
</kw>
<kw name="Log To Console" library="BuiltIn">
<arg>${live_show_hour_on_block}</arg>
<doc>Logs the given message to the console.</doc>
<status status="PASS" starttime="20210903 23:38:28.194" endtime="20210903 23:38:28.194"/>
</kw>
<kw name="Take Screenshot" library="Browser">
<tag>PageContent</tag>
<doc>Takes a screenshot of the current window or element and saves it to disk.</doc>
<msg timestamp="20210903 23:38:28.360" level="INFO" html="true">&lt;/td&gt;&lt;/tr&gt;&lt;tr&gt;&lt;td colspan="3"&gt;&lt;a href="browser/screenshot/robotframework-browser-screenshot-2.png"&gt;&lt;img src="browser/screenshot/robotframework-browser-screenshot-2.png" width="800px"&gt;&lt;/a&gt;</msg>
<status status="PASS" starttime="20210903 23:38:28.194" endtime="20210903 23:38:28.360"/>
</kw>
<status status="PASS" starttime="20210903 23:38:27.632" endtime="20210903 23:38:28.360"/>
</kw>
<kw name="Click" library="Browser">
<arg>css=.progress-bar-thumb</arg>
<tag>PageContent</tag>
<tag>Setter</tag>
<doc>Simulates mouse click on the element found by ``selector``.</doc>
<status status="PASS" starttime="20210903 23:38:28.360" endtime="20210903 23:38:29.046"/>
</kw>
<status status="PASS" starttime="20210903 23:38:27.632" endtime="20210903 23:38:29.046"/>
</kw>
<kw name="Validate The Live Show Data Between Block And Modal" library="validate_tv_schedule.kw">
<kw name="Save The Live Show Name And Hour From The Modal" library="validate_tv_schedule.kw">
<kw name="Wait For Elements State" library="Browser">
<arg>css=.sky-modal-program-description</arg>
<arg>visible</arg>
<arg>5s</arg>
<tag>PageContent</tag>
<tag>Wait</tag>
<doc>Waits for the element found by ``selector`` to satisfy state option.</doc>
<msg timestamp="20210903 23:38:34.233" level="INFO" html="true">&lt;/td&gt;&lt;/tr&gt;&lt;tr&gt;&lt;td colspan="3"&gt;&lt;a href="browser/screenshot/fail-screenshot-1.png"&gt;&lt;img src="browser/screenshot/fail-screenshot-1.png" width="800px"&gt;&lt;/a&gt;</msg>
<msg timestamp="20210903 23:38:34.234" level="FAIL">TimeoutError: page.waitForSelector: Timeout 5000ms exceeded.
=========================== logs ===========================
waiting for selector "css=.sky-modal-program-description" to be visible
============================================================</msg>
<status status="FAIL" starttime="20210903 23:38:29.046" endtime="20210903 23:38:34.234"/>
</kw>
<kw name="Get Text" library="Browser">
<var>${live_show_name_on_modal}</var>
<arg>css=.sky-modal-program-title</arg>
<tag>Assertion</tag>
<tag>Getter</tag>
<tag>PageContent</tag>
<doc>Returns text attribute of the element found by ``selector``.</doc>
<status status="NOT RUN" starttime="20210903 23:38:34.234" endtime="20210903 23:38:34.234"/>
</kw>
<kw name="Set Suite Variable" library="BuiltIn">
<arg>${live_show_name_on_modal}</arg>
<doc>Makes a variable available everywhere within the scope of the current suite.</doc>
<status status="NOT RUN" starttime="20210903 23:38:34.235" endtime="20210903 23:38:34.235"/>
</kw>
<kw name="Log To Console" library="BuiltIn">
<arg>${live_show_name_on_modal}</arg>
<doc>Logs the given message to the console.</doc>
<status status="NOT RUN" starttime="20210903 23:38:34.235" endtime="20210903 23:38:34.235"/>
</kw>
<kw name="Get Text" library="Browser">
<var>${live_show_hour_on_modal}</var>
<arg>css=.sky-modal-program-date-time</arg>
<tag>Assertion</tag>
<tag>Getter</tag>
<tag>PageContent</tag>
<doc>Returns text attribute of the element found by ``selector``.</doc>
<status status="NOT RUN" starttime="20210903 23:38:34.235" endtime="20210903 23:38:34.235"/>
</kw>
<kw name="Set Suite Variable" library="BuiltIn">
<arg>${live_show_hour_on_modal}</arg>
<doc>Makes a variable available everywhere within the scope of the current suite.</doc>
<status status="NOT RUN" starttime="20210903 23:38:34.235" endtime="20210903 23:38:34.235"/>
</kw>
<kw name="Log To Console" library="BuiltIn">
<arg>${live_show_hour_on_modal}</arg>
<doc>Logs the given message to the console.</doc>
<status status="NOT RUN" starttime="20210903 23:38:34.235" endtime="20210903 23:38:34.235"/>
</kw>
<status status="FAIL" starttime="20210903 23:38:29.046" endtime="20210903 23:38:34.235"/>
</kw>
<kw name="Should Be True" library="BuiltIn">
<arg>'${live_show_name_on_block}' == '${live_show_name_on_modal}' and '${live_show_hour_on_block}' == '${live_show_hour_on_modal}'</arg>
<doc>Fails if the given condition is not true.</doc>
<status status="NOT RUN" starttime="20210903 23:38:34.236" endtime="20210903 23:38:34.236"/>
</kw>
<status status="FAIL" starttime="20210903 23:38:29.046" endtime="20210903 23:38:34.236"/>
</kw>
<status status="FAIL" starttime="20210903 23:38:21.235" endtime="20210903 23:38:34.236">TimeoutError: page.waitForSelector: Timeout 5000ms exceeded.
=========================== logs ===========================
waiting for selector "css=.sky-modal-program-description" to be visible
============================================================</status>
</test>
<doc>Teste de validação da programação ao vivo do site Sky para Desafio Accenture</doc>
<status status="FAIL" starttime="20210903 23:38:20.415" endtime="20210903 23:38:34.242"/>
</suite>
<statistics>
<total>
<stat pass="0" fail="1" skip="0">All Tests</stat>
</total>
<tag>
</tag>
<suite>
<stat pass="0" fail="1" skip="0" id="s1" name="Validate Tv Schedule">Validate Tv Schedule</stat>
</suite>
</statistics>
<errors>
</errors>
</robot>
