<?xml version="1.0" encoding="UTF-8"?>
<robot generator="Robot 4.1 (Python 3.9.6 on linux)" generated="20210903 23:55:27.884" rpa="false" schemaversion="2">
<suite id="s1" name="Validate Login Page" source="/home/carlos/DesafioAccenture/desafio-accenture/tests/mobile/validate_login_page.robot">
<kw name="Go To SKY App Login Page" library="validate_login_page.kw" type="SETUP">
<kw name="Mobile Local" library="base.mobile">
<kw name="Set Appium Timeout" library="AppiumLibrary">
<arg>60</arg>
<doc>Sets the timeout in seconds used by various keywords.</doc>
<status status="PASS" starttime="20210903 23:55:27.968" endtime="20210903 23:55:27.968"/>
</kw>
<kw name="Open Application" library="AppiumLibrary">
<arg>http://localhost:4723/wd/hub</arg>
<arg>automationName=UiAutomator2</arg>
<arg>platformName=Android</arg>
<arg>app=${EXECDIR}/tests/mobile/app/sky.apk</arg>
<arg>udid=ZF5225M9PJ</arg>
<doc>Opens a new application to given Appium server.
Capabilities of appium server, Android and iOS,
Please check https://github.com/appium/appium/blob/master/docs/en/writing-running-appium/server-args.md
| *Option*            | *Man.* | *Description*     |
| remote_url          | Yes    | Appium server url |
| alias               | no     | alias             |</doc>
<status status="PASS" starttime="20210903 23:55:27.968" endtime="20210903 23:55:38.291"/>
</kw>
<status status="PASS" starttime="20210903 23:55:27.968" endtime="20210903 23:55:38.291"/>
</kw>
<kw name="Go To App Main Screen" library="validate_login_page.kw">
<kw name="Wait Until Element Is Visible" library="AppiumLibrary">
<arg>id=br.com.sky.selfcare:id/2131427895</arg>
<doc>Waits until element specified with `locator` is visible.</doc>
<status status="PASS" starttime="20210903 23:55:38.292" endtime="20210903 23:55:43.040"/>
</kw>
<kw name="Click Element" library="AppiumLibrary">
<arg>id=br.com.sky.selfcare:id/2131427895</arg>
<doc>Click element identified by `locator`.</doc>
<msg timestamp="20210903 23:55:43.041" level="INFO">Clicking element 'id=br.com.sky.selfcare:id/2131427895'.</msg>
<status status="PASS" starttime="20210903 23:55:43.040" endtime="20210903 23:55:43.176"/>
</kw>
<kw name="Wait Until Element Is Visible" library="AppiumLibrary">
<arg>id=br.com.sky.selfcare:id/2131429984</arg>
<doc>Waits until element specified with `locator` is visible.</doc>
<status status="PASS" starttime="20210903 23:55:43.176" endtime="20210903 23:55:44.096"/>
</kw>
<kw name="Click Element" library="AppiumLibrary">
<arg>id=br.com.sky.selfcare:id/2131429984</arg>
<doc>Click element identified by `locator`.</doc>
<msg timestamp="20210903 23:55:44.099" level="INFO">Clicking element 'id=br.com.sky.selfcare:id/2131429984'.</msg>
<status status="PASS" starttime="20210903 23:55:44.096" endtime="20210903 23:55:44.393"/>
</kw>
<status status="PASS" starttime="20210903 23:55:38.291" endtime="20210903 23:55:44.393"/>
</kw>
<kw name="Press Like On Highlights App Screen" library="validate_login_page.kw">
<kw name="Wait Until Element Is Visible" library="AppiumLibrary">
<arg>id=br.com.sky.selfcare:id/2131429982</arg>
<doc>Waits until element specified with `locator` is visible.</doc>
<status status="PASS" starttime="20210903 23:55:44.393" endtime="20210903 23:55:45.186"/>
</kw>
<kw name="Click Element" library="AppiumLibrary">
<arg>id=br.com.sky.selfcare:id/2131429982</arg>
<doc>Click element identified by `locator`.</doc>
<msg timestamp="20210903 23:55:45.190" level="INFO">Clicking element 'id=br.com.sky.selfcare:id/2131429982'.</msg>
<status status="PASS" starttime="20210903 23:55:45.187" endtime="20210903 23:55:45.531"/>
</kw>
<kw name="Wait Until Element Is Visible" library="AppiumLibrary">
<arg>id=br.com.sky.selfcare:id/2131428657</arg>
<doc>Waits until element specified with `locator` is visible.</doc>
<status status="PASS" starttime="20210903 23:55:45.532" endtime="20210903 23:55:47.032"/>
</kw>
<kw name="Click Element" library="AppiumLibrary">
<arg>id=br.com.sky.selfcare:id/2131428657</arg>
<doc>Click element identified by `locator`.</doc>
<msg timestamp="20210903 23:55:47.037" level="INFO">Clicking element 'id=br.com.sky.selfcare:id/2131428657'.</msg>
<status status="PASS" starttime="20210903 23:55:47.032" endtime="20210903 23:55:47.175"/>
</kw>
<status status="PASS" starttime="20210903 23:55:44.393" endtime="20210903 23:55:47.175"/>
</kw>
<kw name="Click On Login" library="validate_login_page.kw">
<kw name="Wait Until Element Is Visible" library="AppiumLibrary">
<arg>id=android:id/button1</arg>
<doc>Waits until element specified with `locator` is visible.</doc>
<status status="PASS" starttime="20210903 23:55:47.175" endtime="20210903 23:55:48.164"/>
</kw>
<kw name="Click Element" library="AppiumLibrary">
<arg>id=android:id/button1</arg>
<doc>Click element identified by `locator`.</doc>
<msg timestamp="20210903 23:55:48.165" level="INFO">Clicking element 'id=android:id/button1'.</msg>
<status status="PASS" starttime="20210903 23:55:48.164" endtime="20210903 23:55:48.294"/>
</kw>
<kw name="Wait Until Element Is Visible" library="AppiumLibrary">
<arg>id=br.com.sky.selfcare:id/2131431253</arg>
<doc>Waits until element specified with `locator` is visible.</doc>
<status status="PASS" starttime="20210903 23:55:48.295" endtime="20210903 23:55:49.184"/>
</kw>
<status status="PASS" starttime="20210903 23:55:47.175" endtime="20210903 23:55:49.184"/>
</kw>
<kw name="Validate The Default Login Page" library="validate_login_page.kw">
<kw name="Element Should Be Visible" library="AppiumLibrary">
<arg>id=br.com.sky.selfcare:id/2131431253</arg>
<doc>Verifies that element identified with locator is visible.</doc>
<status status="PASS" starttime="20210903 23:55:49.185" endtime="20210903 23:55:49.218"/>
</kw>
<kw name="Element Should Be Visible" library="AppiumLibrary">
<arg>id=br.com.sky.selfcare:id/2131429282</arg>
<doc>Verifies that element identified with locator is visible.</doc>
<status status="PASS" starttime="20210903 23:55:49.218" endtime="20210903 23:55:49.246"/>
</kw>
<kw name="Element Text Should Be" library="AppiumLibrary">
<arg>id=br.com.sky.selfcare:id/2131429282</arg>
<arg>Para utilizar o app, primeiro informe os dados do assinante SKY.</arg>
<doc>Verifies element identified by ``locator`` exactly contains text ``expected``.</doc>
<msg timestamp="20210903 23:55:49.247" level="INFO">Verifying element 'id=br.com.sky.selfcare:id/2131429282' contains exactly text 'Para utilizar o app, primeiro informe os dados do assinante SKY.'.</msg>
<status status="PASS" starttime="20210903 23:55:49.246" endtime="20210903 23:55:49.282"/>
</kw>
<kw name="Element Should Be Visible" library="AppiumLibrary">
<arg>id=br.com.sky.selfcare:id/2131431094</arg>
<doc>Verifies that element identified with locator is visible.</doc>
<status status="PASS" starttime="20210903 23:55:49.282" endtime="20210903 23:55:49.312"/>
</kw>
<kw name="Element Text Should Be" library="AppiumLibrary">
<arg>id=br.com.sky.selfcare:id/2131431094</arg>
<arg>CPF ou CNPJ do assinante SKY</arg>
<doc>Verifies element identified by ``locator`` exactly contains text ``expected``.</doc>
<msg timestamp="20210903 23:55:49.313" level="INFO">Verifying element 'id=br.com.sky.selfcare:id/2131431094' contains exactly text 'CPF ou CNPJ do assinante SKY'.</msg>
<status status="PASS" starttime="20210903 23:55:49.312" endtime="20210903 23:55:49.346"/>
</kw>
<kw name="Element Should Be Visible" library="AppiumLibrary">
<arg>id=br.com.sky.selfcare:id/2131428587</arg>
<doc>Verifies that element identified with locator is visible.</doc>
<status status="PASS" starttime="20210903 23:55:49.346" endtime="20210903 23:55:49.377"/>
</kw>
<kw name="Element Text Should Be" library="AppiumLibrary">
<arg>id=br.com.sky.selfcare:id/2131428587</arg>
<arg>Digite seu CPF/CNPJ</arg>
<doc>Verifies element identified by ``locator`` exactly contains text ``expected``.</doc>
<msg timestamp="20210903 23:55:49.378" level="INFO">Verifying element 'id=br.com.sky.selfcare:id/2131428587' contains exactly text 'Digite seu CPF/CNPJ'.</msg>
<status status="PASS" starttime="20210903 23:55:49.377" endtime="20210903 23:55:49.409"/>
</kw>
<kw name="Element Should Be Visible" library="AppiumLibrary">
<arg>id=br.com.sky.selfcare:id/2131427871</arg>
<doc>Verifies that element identified with locator is visible.</doc>
<status status="PASS" starttime="20210903 23:55:49.409" endtime="20210903 23:55:49.440"/>
</kw>
<kw name="Element Should Be Visible" library="AppiumLibrary">
<arg>id=br.com.sky.selfcare:id/2131427887</arg>
<doc>Verifies that element identified with locator is visible.</doc>
<status status="PASS" starttime="20210903 23:55:49.440" endtime="20210903 23:55:49.470"/>
</kw>
<kw name="Element Text Should Be" library="AppiumLibrary">
<arg>id=br.com.sky.selfcare:id/2131427887</arg>
<arg>Próximo</arg>
<doc>Verifies element identified by ``locator`` exactly contains text ``expected``.</doc>
<msg timestamp="20210903 23:55:49.471" level="INFO">Verifying element 'id=br.com.sky.selfcare:id/2131427887' contains exactly text 'Próximo'.</msg>
<status status="PASS" starttime="20210903 23:55:49.470" endtime="20210903 23:55:49.502"/>
</kw>
<kw name="Element Should Be Visible" library="AppiumLibrary">
<arg>id=br.com.sky.selfcare:id/2131429530</arg>
<doc>Verifies that element identified with locator is visible.</doc>
<status status="PASS" starttime="20210903 23:55:49.502" endtime="20210903 23:55:49.532"/>
</kw>
<kw name="Element Text Should Be" library="AppiumLibrary">
<arg>id=br.com.sky.selfcare:id/2131429530</arg>
<arg>Não sou cliente SKY.</arg>
<doc>Verifies element identified by ``locator`` exactly contains text ``expected``.</doc>
<msg timestamp="20210903 23:55:49.533" level="INFO">Verifying element 'id=br.com.sky.selfcare:id/2131429530' contains exactly text 'Não sou cliente SKY.'.</msg>
<status status="PASS" starttime="20210903 23:55:49.532" endtime="20210903 23:55:49.564"/>
</kw>
<kw name="Element Should Be Visible" library="AppiumLibrary">
<arg>id=br.com.sky.selfcare:id/2131427661</arg>
<doc>Verifies that element identified with locator is visible.</doc>
<status status="PASS" starttime="20210903 23:55:49.564" endtime="20210903 23:55:49.597"/>
</kw>
<kw name="Element Text Should Be" library="AppiumLibrary">
<arg>id=br.com.sky.selfcare:id/2131427661</arg>
<arg>Quero Assinar</arg>
<doc>Verifies element identified by ``locator`` exactly contains text ``expected``.</doc>
<msg timestamp="20210903 23:55:49.598" level="INFO">Verifying element 'id=br.com.sky.selfcare:id/2131427661' contains exactly text 'Quero Assinar'.</msg>
<status status="PASS" starttime="20210903 23:55:49.597" endtime="20210903 23:55:49.629"/>
</kw>
<status status="PASS" starttime="20210903 23:55:49.185" endtime="20210903 23:55:49.629"/>
</kw>
<status status="PASS" starttime="20210903 23:55:27.967" endtime="20210903 23:55:49.629"/>
</kw>
<test id="s1-t1" name="Test The Login Page With Invalid CPF">
<kw name="Inform This CPF Into The Field" library="validate_login_page.kw">
<arg>12312312312</arg>
<kw name="Input CPF or CNPJ" library="validate_login_page.kw">
<arg>${cpfcnpj}</arg>
<kw name="Input Text" library="AppiumLibrary">
<arg>id=br.com.sky.selfcare:id/2131428587</arg>
<arg>${cpfcnpj}</arg>
<doc>Types the given `text` into text field identified by `locator`.</doc>
<msg timestamp="20210903 23:55:49.631" level="INFO">Typing text '12312312312' into text field 'id=br.com.sky.selfcare:id/2131428587'</msg>
<status status="PASS" starttime="20210903 23:55:49.630" endtime="20210903 23:55:50.378"/>
</kw>
<status status="PASS" starttime="20210903 23:55:49.630" endtime="20210903 23:55:50.378"/>
</kw>
<status status="PASS" starttime="20210903 23:55:49.630" endtime="20210903 23:55:50.379"/>
</kw>
<kw name="Check If The Field Informs That The CPF Is Invalid" library="validate_login_page.kw">
<kw name="Wait Until Element Is Visible" library="AppiumLibrary">
<arg>id=br.com.sky.selfcare:id/2131428695</arg>
<doc>Waits until element specified with `locator` is visible.</doc>
<status status="PASS" starttime="20210903 23:55:50.380" endtime="20210903 23:55:53.217"/>
</kw>
<kw name="Element Text Should Be" library="AppiumLibrary">
<arg>id=br.com.sky.selfcare:id/2131428695</arg>
<arg>CPF inválido. Digite novamente.</arg>
<doc>Verifies element identified by ``locator`` exactly contains text ``expected``.</doc>
<msg timestamp="20210903 23:55:53.222" level="INFO">Verifying element 'id=br.com.sky.selfcare:id/2131428695' contains exactly text 'CPF inválido. Digite novamente.'.</msg>
<status status="PASS" starttime="20210903 23:55:53.218" endtime="20210903 23:55:53.306"/>
</kw>
<status status="PASS" starttime="20210903 23:55:50.379" endtime="20210903 23:55:53.307"/>
</kw>
<status status="PASS" starttime="20210903 23:55:49.630" endtime="20210903 23:55:53.307"/>
</test>
<kw name="Close Session" library="validate_login_page.kw" type="TEARDOWN">
<kw name="Close Application" library="AppiumLibrary">
<doc>Closes the current application and also close webdriver session.</doc>
<status status="PASS" starttime="20210903 23:55:53.307" endtime="20210903 23:55:53.786"/>
</kw>
<status status="PASS" starttime="20210903 23:55:53.307" endtime="20210903 23:55:53.786"/>
</kw>
<status status="PASS" starttime="20210903 23:55:27.884" endtime="20210903 23:55:53.786"/>
</suite>
<statistics>
<total>
<stat pass="1" fail="0" skip="0">All Tests</stat>
</total>
<tag>
</tag>
<suite>
<stat pass="1" fail="0" skip="0" id="s1" name="Validate Login Page">Validate Login Page</stat>
</suite>
</statistics>
<errors>
</errors>
</robot>
