<?xml version="1.0" encoding="UTF-8"?>
<robot generator="Robot 4.1 (Python 3.9.7 on win32)" generated="20210904 00:37:07.307" rpa="false" schemaversion="2">
<suite id="s1" name="Validate Login Page" source="C:\Users\Carlos Carvalho\Desktop\Desafio Accenture\desafio-accenture\tests\mobile\validate_login_page.robot">
<kw name="Go To SKY App Login Page" library="validate_login_page.kw" type="SETUP">
<kw name="Mobile Local" library="base.mobile">
<kw name="Set Appium Timeout" library="AppiumLibrary">
<arg>60</arg>
<doc>Sets the timeout in seconds used by various keywords.</doc>
<status status="PASS" starttime="20210904 00:37:07.498" endtime="20210904 00:37:07.498"/>
</kw>
<kw name="Open Application" library="AppiumLibrary">
<arg>http://localhost:4723/wd/hub</arg>
<arg>automationName=UiAutomator2</arg>
<arg>platformName=Android</arg>
<arg>app=${EXECDIR}/tests/mobile/app/sky.apk</arg>
<arg>udid=emulator-5554</arg>
<doc>Opens a new application to given Appium server.
Capabilities of appium server, Android and iOS,
Please check https://github.com/appium/appium/blob/master/docs/en/writing-running-appium/server-args.md
| *Option*            | *Man.* | *Description*     |
| remote_url          | Yes    | Appium server url |
| alias               | no     | alias             |</doc>
<status status="PASS" starttime="20210904 00:37:07.498" endtime="20210904 00:37:17.371"/>
</kw>
<status status="PASS" starttime="20210904 00:37:07.497" endtime="20210904 00:37:17.371"/>
</kw>
<kw name="Go To App Main Screen" library="validate_login_page.kw">
<kw name="Wait Until Element Is Visible" library="AppiumLibrary">
<arg>id=br.com.sky.selfcare:id/2131427895</arg>
<doc>Waits until element specified with `locator` is visible.</doc>
<status status="PASS" starttime="20210904 00:37:17.371" endtime="20210904 00:37:21.008"/>
</kw>
<kw name="Click Element" library="AppiumLibrary">
<arg>id=br.com.sky.selfcare:id/2131427895</arg>
<doc>Click element identified by `locator`.</doc>
<msg timestamp="20210904 00:37:21.009" level="INFO">Clicking element 'id=br.com.sky.selfcare:id/2131427895'.</msg>
<status status="PASS" starttime="20210904 00:37:21.008" endtime="20210904 00:37:21.133"/>
</kw>
<kw name="Wait Until Element Is Visible" library="AppiumLibrary">
<arg>id=br.com.sky.selfcare:id/2131429984</arg>
<doc>Waits until element specified with `locator` is visible.</doc>
<status status="PASS" starttime="20210904 00:37:21.133" endtime="20210904 00:37:22.050"/>
</kw>
<kw name="Click Element" library="AppiumLibrary">
<arg>id=br.com.sky.selfcare:id/2131429984</arg>
<doc>Click element identified by `locator`.</doc>
<msg timestamp="20210904 00:37:22.051" level="INFO">Clicking element 'id=br.com.sky.selfcare:id/2131429984'.</msg>
<status status="PASS" starttime="20210904 00:37:22.050" endtime="20210904 00:37:22.350"/>
</kw>
<status status="PASS" starttime="20210904 00:37:17.371" endtime="20210904 00:37:22.350"/>
</kw>
<kw name="Press Like On Highlights App Screen" library="validate_login_page.kw">
<kw name="Wait Until Element Is Visible" library="AppiumLibrary">
<arg>id=br.com.sky.selfcare:id/2131429982</arg>
<doc>Waits until element specified with `locator` is visible.</doc>
<status status="PASS" starttime="20210904 00:37:22.351" endtime="20210904 00:37:23.117"/>
</kw>
<kw name="Click Element" library="AppiumLibrary">
<arg>id=br.com.sky.selfcare:id/2131429982</arg>
<doc>Click element identified by `locator`.</doc>
<msg timestamp="20210904 00:37:23.118" level="INFO">Clicking element 'id=br.com.sky.selfcare:id/2131429982'.</msg>
<status status="PASS" starttime="20210904 00:37:23.117" endtime="20210904 00:37:23.416"/>
</kw>
<kw name="Wait Until Element Is Visible" library="AppiumLibrary">
<arg>id=br.com.sky.selfcare:id/2131428657</arg>
<doc>Waits until element specified with `locator` is visible.</doc>
<status status="PASS" starttime="20210904 00:37:23.416" endtime="20210904 00:37:24.872"/>
</kw>
<kw name="Click Element" library="AppiumLibrary">
<arg>id=br.com.sky.selfcare:id/2131428657</arg>
<doc>Click element identified by `locator`.</doc>
<msg timestamp="20210904 00:37:24.873" level="INFO">Clicking element 'id=br.com.sky.selfcare:id/2131428657'.</msg>
<status status="PASS" starttime="20210904 00:37:24.872" endtime="20210904 00:37:24.948"/>
</kw>
<status status="PASS" starttime="20210904 00:37:22.351" endtime="20210904 00:37:24.948"/>
</kw>
<kw name="Click On Login" library="validate_login_page.kw">
<kw name="Wait Until Element Is Visible" library="AppiumLibrary">
<arg>id=android:id/button1</arg>
<doc>Waits until element specified with `locator` is visible.</doc>
<status status="PASS" starttime="20210904 00:37:24.948" endtime="20210904 00:37:25.509"/>
</kw>
<kw name="Click Element" library="AppiumLibrary">
<arg>id=android:id/button1</arg>
<doc>Click element identified by `locator`.</doc>
<msg timestamp="20210904 00:37:25.510" level="INFO">Clicking element 'id=android:id/button1'.</msg>
<status status="PASS" starttime="20210904 00:37:25.509" endtime="20210904 00:37:25.588"/>
</kw>
<kw name="Wait Until Element Is Visible" library="AppiumLibrary">
<arg>id=br.com.sky.selfcare:id/2131431253</arg>
<doc>Waits until element specified with `locator` is visible.</doc>
<status status="PASS" starttime="20210904 00:37:25.588" endtime="20210904 00:37:26.330"/>
</kw>
<status status="PASS" starttime="20210904 00:37:24.948" endtime="20210904 00:37:26.330"/>
</kw>
<kw name="Validate The Default Login Page" library="validate_login_page.kw">
<kw name="Text Should Be Visible" library="AppiumLibrary">
<arg>Acesso</arg>
<doc>Verifies that element identified with text is visible.</doc>
<status status="PASS" starttime="20210904 00:37:26.330" endtime="20210904 00:37:26.457"/>
</kw>
<kw name="Element Should Be Visible" library="AppiumLibrary">
<arg>id=br.com.sky.selfcare:id/2131431253</arg>
<doc>Verifies that element identified with locator is visible.</doc>
<status status="PASS" starttime="20210904 00:37:26.457" endtime="20210904 00:37:26.484"/>
</kw>
<kw name="Element Should Be Visible" library="AppiumLibrary">
<arg>id=br.com.sky.selfcare:id/2131429282</arg>
<doc>Verifies that element identified with locator is visible.</doc>
<status status="PASS" starttime="20210904 00:37:26.484" endtime="20210904 00:37:26.510"/>
</kw>
<kw name="Element Text Should Be" library="AppiumLibrary">
<arg>id=br.com.sky.selfcare:id/2131429282</arg>
<arg>Para utilizar o app, primeiro informe os dados do assinante SKY.</arg>
<doc>Verifies element identified by ``locator`` exactly contains text ``expected``.</doc>
<msg timestamp="20210904 00:37:26.511" level="INFO">Verifying element 'id=br.com.sky.selfcare:id/2131429282' contains exactly text 'Para utilizar o app, primeiro informe os dados do assinante SKY.'.</msg>
<status status="PASS" starttime="20210904 00:37:26.510" endtime="20210904 00:37:26.539"/>
</kw>
<kw name="Element Should Be Visible" library="AppiumLibrary">
<arg>id=br.com.sky.selfcare:id/2131431094</arg>
<doc>Verifies that element identified with locator is visible.</doc>
<status status="PASS" starttime="20210904 00:37:26.539" endtime="20210904 00:37:26.563"/>
</kw>
<kw name="Element Text Should Be" library="AppiumLibrary">
<arg>id=br.com.sky.selfcare:id/2131431094</arg>
<arg>CPF ou CNPJ do assinante SKY</arg>
<doc>Verifies element identified by ``locator`` exactly contains text ``expected``.</doc>
<msg timestamp="20210904 00:37:26.564" level="INFO">Verifying element 'id=br.com.sky.selfcare:id/2131431094' contains exactly text 'CPF ou CNPJ do assinante SKY'.</msg>
<status status="PASS" starttime="20210904 00:37:26.563" endtime="20210904 00:37:26.587"/>
</kw>
<kw name="Element Should Be Visible" library="AppiumLibrary">
<arg>id=br.com.sky.selfcare:id/2131428587</arg>
<doc>Verifies that element identified with locator is visible.</doc>
<status status="PASS" starttime="20210904 00:37:26.587" endtime="20210904 00:37:26.615"/>
</kw>
<kw name="Element Text Should Be" library="AppiumLibrary">
<arg>id=br.com.sky.selfcare:id/2131428587</arg>
<arg>Digite seu CPF/CNPJ</arg>
<doc>Verifies element identified by ``locator`` exactly contains text ``expected``.</doc>
<msg timestamp="20210904 00:37:26.616" level="INFO">Verifying element 'id=br.com.sky.selfcare:id/2131428587' contains exactly text 'Digite seu CPF/CNPJ'.</msg>
<status status="PASS" starttime="20210904 00:37:26.615" endtime="20210904 00:37:26.641"/>
</kw>
<kw name="Element Should Be Visible" library="AppiumLibrary">
<arg>id=br.com.sky.selfcare:id/2131427871</arg>
<doc>Verifies that element identified with locator is visible.</doc>
<status status="PASS" starttime="20210904 00:37:26.641" endtime="20210904 00:37:26.670"/>
</kw>
<kw name="Element Attribute Should Match" library="AppiumLibrary">
<arg>id=br.com.sky.selfcare:id/2131427871</arg>
<arg>clickable</arg>
<arg>false</arg>
<doc>Verify that an attribute of an element matches the expected criteria.</doc>
<msg timestamp="20210904 00:37:26.686" level="INFO">CAUTION: 'id=br.com.sky.selfcare:id/2131427871' matched 2 elements - using the first element only</msg>
<msg timestamp="20210904 00:37:26.697" level="INFO">Element 'id=br.com.sky.selfcare:id/2131427871' attribute 'clickable' is 'false' </msg>
<status status="PASS" starttime="20210904 00:37:26.670" endtime="20210904 00:37:26.697"/>
</kw>
<kw name="Element Should Be Visible" library="AppiumLibrary">
<arg>id=br.com.sky.selfcare:id/2131427887</arg>
<doc>Verifies that element identified with locator is visible.</doc>
<status status="PASS" starttime="20210904 00:37:26.697" endtime="20210904 00:37:26.720"/>
</kw>
<kw name="Element Text Should Be" library="AppiumLibrary">
<arg>id=br.com.sky.selfcare:id/2131427887</arg>
<arg>Próximo</arg>
<doc>Verifies element identified by ``locator`` exactly contains text ``expected``.</doc>
<msg timestamp="20210904 00:37:26.721" level="INFO">Verifying element 'id=br.com.sky.selfcare:id/2131427887' contains exactly text 'Próximo'.</msg>
<status status="PASS" starttime="20210904 00:37:26.720" endtime="20210904 00:37:26.747"/>
</kw>
<kw name="Element Should Be Visible" library="AppiumLibrary">
<arg>id=br.com.sky.selfcare:id/2131429530</arg>
<doc>Verifies that element identified with locator is visible.</doc>
<status status="PASS" starttime="20210904 00:37:26.747" endtime="20210904 00:37:26.769"/>
</kw>
<kw name="Element Text Should Be" library="AppiumLibrary">
<arg>id=br.com.sky.selfcare:id/2131429530</arg>
<arg>Não sou cliente SKY.</arg>
<doc>Verifies element identified by ``locator`` exactly contains text ``expected``.</doc>
<msg timestamp="20210904 00:37:26.770" level="INFO">Verifying element 'id=br.com.sky.selfcare:id/2131429530' contains exactly text 'Não sou cliente SKY.'.</msg>
<status status="PASS" starttime="20210904 00:37:26.769" endtime="20210904 00:37:26.794"/>
</kw>
<kw name="Element Should Be Visible" library="AppiumLibrary">
<arg>id=br.com.sky.selfcare:id/2131427661</arg>
<doc>Verifies that element identified with locator is visible.</doc>
<status status="PASS" starttime="20210904 00:37:26.794" endtime="20210904 00:37:26.816"/>
</kw>
<kw name="Element Text Should Be" library="AppiumLibrary">
<arg>id=br.com.sky.selfcare:id/2131427661</arg>
<arg>Quero Assinar</arg>
<doc>Verifies element identified by ``locator`` exactly contains text ``expected``.</doc>
<msg timestamp="20210904 00:37:26.817" level="INFO">Verifying element 'id=br.com.sky.selfcare:id/2131427661' contains exactly text 'Quero Assinar'.</msg>
<status status="PASS" starttime="20210904 00:37:26.816" endtime="20210904 00:37:26.839"/>
</kw>
<status status="PASS" starttime="20210904 00:37:26.330" endtime="20210904 00:37:26.839"/>
</kw>
<status status="PASS" starttime="20210904 00:37:07.497" endtime="20210904 00:37:26.839"/>
</kw>
<test id="s1-t1" name="Test The Login Page With Invalid CPF">
<kw name="Inform This CPF Into The Field" library="validate_login_page.kw">
<arg>123.123.123-12</arg>
<kw name="Input CPF or CNPJ" library="validate_login_page.kw">
<arg>${cpfcnpj}</arg>
<kw name="Input Value" library="AppiumLibrary">
<arg>id=br.com.sky.selfcare:id/2131428587</arg>
<arg>${cpfcnpj}</arg>
<doc>Sets the given value into text field identified by `locator`. This is an IOS only keyword, input value makes use of set_value</doc>
<msg timestamp="20210904 00:37:26.841" level="INFO">Setting text '123.123.123-12' into text field 'id=br.com.sky.selfcare:id/2131428587'</msg>
<status status="PASS" starttime="20210904 00:37:26.840" endtime="20210904 00:37:26.891"/>
</kw>
<kw name="Click Element" library="AppiumLibrary">
<arg>id=br.com.sky.selfcare:id/2131427871</arg>
<doc>Click element identified by `locator`.</doc>
<msg timestamp="20210904 00:37:26.892" level="INFO">Clicking element 'id=br.com.sky.selfcare:id/2131427871'.</msg>
<status status="PASS" starttime="20210904 00:37:26.891" endtime="20210904 00:37:27.552"/>
</kw>
<kw name="Hide Keyboard" library="AppiumLibrary">
<doc>Hides the software keyboard on the device. (optional) In iOS, use `key_name` to press
a particular key, ex. `Done`. In Android, no parameters are used.</doc>
<status status="PASS" starttime="20210904 00:37:27.553" endtime="20210904 00:37:31.034"/>
</kw>
<status status="PASS" starttime="20210904 00:37:26.840" endtime="20210904 00:37:31.034"/>
</kw>
<status status="PASS" starttime="20210904 00:37:26.839" endtime="20210904 00:37:31.035"/>
</kw>
<kw name="Check If The App Informs That The CPF Is Invalid" library="validate_login_page.kw">
<kw name="Wait Until Element Is Visible" library="AppiumLibrary">
<arg>id=br.com.sky.selfcare:id/2131428695</arg>
<doc>Waits until element specified with `locator` is visible.</doc>
<status status="PASS" starttime="20210904 00:37:31.035" endtime="20210904 00:37:31.067"/>
</kw>
<kw name="Element Text Should Be" library="AppiumLibrary">
<arg>id=br.com.sky.selfcare:id/2131428695</arg>
<arg>CPF inválido. Digite novamente.</arg>
<doc>Verifies element identified by ``locator`` exactly contains text ``expected``.</doc>
<msg timestamp="20210904 00:37:31.068" level="INFO">Verifying element 'id=br.com.sky.selfcare:id/2131428695' contains exactly text 'CPF inválido. Digite novamente.'.</msg>
<status status="PASS" starttime="20210904 00:37:31.067" endtime="20210904 00:37:31.094"/>
</kw>
<kw name="Element Attribute Should Match" library="AppiumLibrary">
<arg>id=br.com.sky.selfcare:id/2131427871</arg>
<arg>clickable</arg>
<arg>false</arg>
<doc>Verify that an attribute of an element matches the expected criteria.</doc>
<msg timestamp="20210904 00:37:31.115" level="INFO">CAUTION: 'id=br.com.sky.selfcare:id/2131427871' matched 2 elements - using the first element only</msg>
<msg timestamp="20210904 00:37:31.126" level="INFO">Element 'id=br.com.sky.selfcare:id/2131427871' attribute 'clickable' is 'false' </msg>
<status status="PASS" starttime="20210904 00:37:31.094" endtime="20210904 00:37:31.126"/>
</kw>
<status status="PASS" starttime="20210904 00:37:31.035" endtime="20210904 00:37:31.126"/>
</kw>
<status status="PASS" starttime="20210904 00:37:26.839" endtime="20210904 00:37:31.127"/>
</test>
<kw name="Close Session" library="validate_login_page.kw" type="TEARDOWN">
<kw name="Close Application" library="AppiumLibrary">
<doc>Closes the current application and also close webdriver session.</doc>
<status status="PASS" starttime="20210904 00:37:31.128" endtime="20210904 00:37:31.731"/>
</kw>
<status status="PASS" starttime="20210904 00:37:31.128" endtime="20210904 00:37:31.731"/>
</kw>
<status status="PASS" starttime="20210904 00:37:07.308" endtime="20210904 00:37:31.731"/>
</suite>
<statistics>
<total>
<stat pass="1" fail="0" skip="0">All Tests</stat>
</total>
<tag>
</tag>
<suite>
<stat pass="1" fail="0" skip="0" id="s1" name="Validate Login Page">Validate Login Page</stat>
</suite>
</statistics>
<errors>
</errors>
</robot>
