<?xml version="1.0" encoding="UTF-8"?>
<robot generator="Robot 4.1 (Python 3.9.6 on linux)" generated="20210903 16:21:39.952" rpa="false" schemaversion="2">
<suite id="s1" name="Validate Tv Schedule" source="/home/carlos/DesafioAccenture/desafio-accenture/tests/web/validate_tv_schedule.robot">
<kw name="Start Browser Session" library="base" type="SETUP">
<kw name="New Browser" library="Browser">
<arg>chromium</arg>
<arg>False</arg>
<tag>BrowserControl</tag>
<tag>Setter</tag>
<doc>Create a new playwright Browser with specified options.</doc>
<msg timestamp="20210903 16:21:40.395" level="INFO">{"browser": "chromium", "headless": false, "handleSIGINT": true, "handleSIGTERM": true, "handleSIGHUP": true, "timeout": 30000.0, "devtools": false, "slowMo": 0.0, "tracesDir": "/home/carlos/DesafioAccenture/desafio-accenture/logs/browser/traces/19b781fc-eb20-47e9-a0e0-b6048e4cfbd5"}</msg>
<msg timestamp="20210903 16:21:40.585" level="INFO">Successfully created browser with options: {"browser":"chromium","headless":false,"handleSIGINT":true,"handleSIGTERM":true,"handleSIGHUP":true,"timeout":30000,"devtools":false,"slowMo":0,"tracesDir":"/home/carlos/DesafioAccenture/desafio-accenture/logs/browser/traces/19b781fc-eb20-47e9-a0e0-b6048e4cfbd5"}</msg>
<status status="PASS" starttime="20210903 16:21:40.395" endtime="20210903 16:21:40.585"/>
</kw>
<kw name="New Page" library="Browser">
<arg>about:blank</arg>
<tag>BrowserControl</tag>
<tag>Setter</tag>
<doc>Open a new Page. A Page is the Playwright equivalent to a tab.
See `Browser, Context and Page` for more information about Page concept.
Returns a stable identifier for the created page.</doc>
<msg timestamp="20210903 16:21:40.769" level="INFO">Successfully initialized new page object and opened url: about:blank</msg>
<msg timestamp="20210903 16:21:40.769" level="INFO">No context was open. New context was automatically opened when this page is created.</msg>
<status status="PASS" starttime="20210903 16:21:40.585" endtime="20210903 16:21:40.769"/>
</kw>
<status status="PASS" starttime="20210903 16:21:40.394" endtime="20210903 16:21:40.769"/>
</kw>
<test id="s1-t1" name="Live Now Validation">
<kw name="Go To Sky Site" library="validate_tv_schedule.kw">
<kw name="Go To" library="Browser">
<arg>http://www.sky.com.br</arg>
<tag>BrowserControl</tag>
<tag>Setter</tag>
<doc>Navigates to the given ``url``.</doc>
<msg timestamp="20210903 16:21:43.839" level="INFO">Successfully opened URL http://www.sky.com.br</msg>
<status status="PASS" starttime="20210903 16:21:40.781" endtime="20210903 16:21:43.839"/>
</kw>
<kw name="Close The Popup If It Shows" library="validate_tv_schedule.kw">
<kw name="Click" library="Browser">
<arg>css=button[class=close]</arg>
<tag>PageContent</tag>
<tag>Setter</tag>
<doc>Simulates mouse click on the element found by ``selector``.</doc>
<status status="PASS" starttime="20210903 16:21:43.840" endtime="20210903 16:21:43.939"/>
</kw>
<status status="PASS" starttime="20210903 16:21:43.840" endtime="20210903 16:21:43.939"/>
</kw>
<kw name="Take Screenshot" library="Browser">
<tag>PageContent</tag>
<doc>Takes a screenshot of the current window or element and saves it to disk.</doc>
<msg timestamp="20210903 16:21:44.179" level="INFO" html="true">&lt;/td&gt;&lt;/tr&gt;&lt;tr&gt;&lt;td colspan="3"&gt;&lt;a href="browser/screenshot/robotframework-browser-screenshot-1.png"&gt;&lt;img src="browser/screenshot/robotframework-browser-screenshot-1.png" width="800px"&gt;&lt;/a&gt;</msg>
<status status="PASS" starttime="20210903 16:21:43.940" endtime="20210903 16:21:44.179"/>
</kw>
<status status="PASS" starttime="20210903 16:21:40.781" endtime="20210903 16:21:44.179"/>
</kw>
<kw name="Access The Programming Page" library="validate_tv_schedule.kw">
<kw name="Click" library="Browser">
<arg>css=a[href="/programacao"]</arg>
<tag>PageContent</tag>
<tag>Setter</tag>
<doc>Simulates mouse click on the element found by ``selector``.</doc>
<status status="PASS" starttime="20210903 16:21:44.180" endtime="20210903 16:21:44.591"/>
</kw>
<kw name="Wait For Elements State" library="Browser">
<arg>css=span &gt;&gt; text=Passando Agora</arg>
<arg>visible</arg>
<arg>5s</arg>
<tag>PageContent</tag>
<tag>Wait</tag>
<doc>Waits for the element found by ``selector`` to satisfy state option.</doc>
<msg timestamp="20210903 16:21:45.723" level="INFO">Wait for Element with selector: css=span &gt;&gt; text=Passando Agora</msg>
<status status="PASS" starttime="20210903 16:21:44.591" endtime="20210903 16:21:45.723"/>
</kw>
<status status="PASS" starttime="20210903 16:21:44.179" endtime="20210903 16:21:45.723"/>
</kw>
<kw name="Go To The Schedule Block" library="validate_tv_schedule.kw">
<kw name="Click" library="Browser">
<arg>css=.schedule-block</arg>
<tag>PageContent</tag>
<tag>Setter</tag>
<doc>Simulates mouse click on the element found by ``selector``.</doc>
<status status="PASS" starttime="20210903 16:21:45.724" endtime="20210903 16:21:46.615"/>
</kw>
<status status="PASS" starttime="20210903 16:21:45.723" endtime="20210903 16:21:46.615"/>
</kw>
<kw name="Click On The Live Show" library="validate_tv_schedule.kw">
<kw name="Save The Live Show Name And Hour From The Block" library="validate_tv_schedule.kw">
<kw name="Get Text" library="Browser">
<var>${live_show_name_on_block}</var>
<arg>xpath=//div[@class="schedule-inner schedule-live"]//div[@class="program-schedule-content"]//h2[@class="program-schedule-title"]</arg>
<tag>Assertion</tag>
<tag>Getter</tag>
<tag>PageContent</tag>
<doc>Returns text attribute of the element found by ``selector``.</doc>
<msg timestamp="20210903 16:21:46.653" level="INFO">${live_show_name_on_block} = A RAINHA SOU EU</msg>
<status status="PASS" starttime="20210903 16:21:46.615" endtime="20210903 16:21:46.653"/>
</kw>
<kw name="Set Suite Variable" library="BuiltIn">
<arg>${live_show_name_on_block}</arg>
<doc>Makes a variable available everywhere within the scope of the current suite.</doc>
<msg timestamp="20210903 16:21:46.654" level="INFO">${live_show_name_on_block} = A RAINHA SOU EU</msg>
<status status="PASS" starttime="20210903 16:21:46.654" endtime="20210903 16:21:46.654"/>
</kw>
<kw name="Log To Console" library="BuiltIn">
<arg>${live_show_name_on_block}</arg>
<doc>Logs the given message to the console.</doc>
<status status="PASS" starttime="20210903 16:21:46.654" endtime="20210903 16:21:46.654"/>
</kw>
<kw name="Get Text" library="Browser">
<var>${live_show_hour_on_block}</var>
<arg>xpath=//div[@class="schedule-inner schedule-live"]//div[@class="program-schedule-content"]//div[@class="program-schedule-info"]//div[@class="program-duration"]//p</arg>
<tag>Assertion</tag>
<tag>Getter</tag>
<tag>PageContent</tag>
<doc>Returns text attribute of the element found by ``selector``.</doc>
<msg timestamp="20210903 16:21:46.676" level="INFO">${live_show_hour_on_block} = 16:00 - 16:45</msg>
<status status="PASS" starttime="20210903 16:21:46.654" endtime="20210903 16:21:46.676"/>
</kw>
<kw name="Set Suite Variable" library="BuiltIn">
<arg>${live_show_hour_on_block}</arg>
<doc>Makes a variable available everywhere within the scope of the current suite.</doc>
<msg timestamp="20210903 16:21:46.677" level="INFO">${live_show_hour_on_block} = 16:00 - 16:45</msg>
<status status="PASS" starttime="20210903 16:21:46.676" endtime="20210903 16:21:46.677"/>
</kw>
<kw name="Log To Console" library="BuiltIn">
<arg>${live_show_hour_on_block}</arg>
<doc>Logs the given message to the console.</doc>
<status status="PASS" starttime="20210903 16:21:46.677" endtime="20210903 16:21:46.677"/>
</kw>
<kw name="Take Screenshot" library="Browser">
<tag>PageContent</tag>
<doc>Takes a screenshot of the current window or element and saves it to disk.</doc>
<msg timestamp="20210903 16:21:46.774" level="INFO" html="true">&lt;/td&gt;&lt;/tr&gt;&lt;tr&gt;&lt;td colspan="3"&gt;&lt;a href="browser/screenshot/robotframework-browser-screenshot-2.png"&gt;&lt;img src="browser/screenshot/robotframework-browser-screenshot-2.png" width="800px"&gt;&lt;/a&gt;</msg>
<status status="PASS" starttime="20210903 16:21:46.677" endtime="20210903 16:21:46.774"/>
</kw>
<status status="PASS" starttime="20210903 16:21:46.615" endtime="20210903 16:21:46.774"/>
</kw>
<kw name="Click" library="Browser">
<arg>css=.progress-bar-thumb</arg>
<tag>PageContent</tag>
<tag>Setter</tag>
<doc>Simulates mouse click on the element found by ``selector``.</doc>
<status status="PASS" starttime="20210903 16:21:46.774" endtime="20210903 16:21:46.858"/>
</kw>
<status status="PASS" starttime="20210903 16:21:46.615" endtime="20210903 16:21:46.858"/>
</kw>
<kw name="Validate The Live Show Data Between Block And Modal" library="validate_tv_schedule.kw">
<kw name="Save The Live Show Name And Hour From The Modal" library="validate_tv_schedule.kw">
<kw name="Wait For Elements State" library="Browser">
<arg>css=.sky-modal-program-description</arg>
<arg>visible</arg>
<arg>5s</arg>
<tag>PageContent</tag>
<tag>Wait</tag>
<doc>Waits for the element found by ``selector`` to satisfy state option.</doc>
<msg timestamp="20210903 16:21:47.806" level="INFO">Wait for Element with selector: css=.sky-modal-program-description</msg>
<status status="PASS" starttime="20210903 16:21:46.859" endtime="20210903 16:21:47.807"/>
</kw>
<kw name="Get Text" library="Browser">
<var>${live_show_name_on_modal}</var>
<arg>css=.sky-modal-program-title</arg>
<tag>Assertion</tag>
<tag>Getter</tag>
<tag>PageContent</tag>
<doc>Returns text attribute of the element found by ``selector``.</doc>
<msg timestamp="20210903 16:21:47.857" level="INFO">${live_show_name_on_modal} = A RAINHA SOU EU</msg>
<status status="PASS" starttime="20210903 16:21:47.807" endtime="20210903 16:21:47.857"/>
</kw>
<kw name="Set Suite Variable" library="BuiltIn">
<arg>${live_show_name_on_modal}</arg>
<doc>Makes a variable available everywhere within the scope of the current suite.</doc>
<msg timestamp="20210903 16:21:47.857" level="INFO">${live_show_name_on_modal} = A RAINHA SOU EU</msg>
<status status="PASS" starttime="20210903 16:21:47.857" endtime="20210903 16:21:47.857"/>
</kw>
<kw name="Log To Console" library="BuiltIn">
<arg>${live_show_name_on_modal}</arg>
<doc>Logs the given message to the console.</doc>
<status status="PASS" starttime="20210903 16:21:47.857" endtime="20210903 16:21:47.857"/>
</kw>
<kw name="Get Text" library="Browser">
<var>${live_show_hour_on_modal}</var>
<arg>css=.sky-modal-program-date-time</arg>
<tag>Assertion</tag>
<tag>Getter</tag>
<tag>PageContent</tag>
<doc>Returns text attribute of the element found by ``selector``.</doc>
<msg timestamp="20210903 16:21:47.894" level="INFO">${live_show_hour_on_modal} = 16:00 - 16:45</msg>
<status status="PASS" starttime="20210903 16:21:47.857" endtime="20210903 16:21:47.894"/>
</kw>
<kw name="Set Suite Variable" library="BuiltIn">
<arg>${live_show_hour_on_modal}</arg>
<doc>Makes a variable available everywhere within the scope of the current suite.</doc>
<msg timestamp="20210903 16:21:47.895" level="INFO">${live_show_hour_on_modal} = 16:00 - 16:45</msg>
<status status="PASS" starttime="20210903 16:21:47.894" endtime="20210903 16:21:47.895"/>
</kw>
<kw name="Log To Console" library="BuiltIn">
<arg>${live_show_hour_on_modal}</arg>
<doc>Logs the given message to the console.</doc>
<status status="PASS" starttime="20210903 16:21:47.895" endtime="20210903 16:21:47.895"/>
</kw>
<status status="PASS" starttime="20210903 16:21:46.859" endtime="20210903 16:21:47.895"/>
</kw>
<kw name="Should Be True" library="BuiltIn">
<arg>'${live_show_name_on_block}' == '${live_show_name_on_modal}' and '${live_show_hour_on_block}' == '${live_show_hour_on_modal}'</arg>
<doc>Fails if the given condition is not true.</doc>
<status status="PASS" starttime="20210903 16:21:47.895" endtime="20210903 16:21:47.896"/>
</kw>
<status status="PASS" starttime="20210903 16:21:46.858" endtime="20210903 16:21:47.896"/>
</kw>
<status status="PASS" starttime="20210903 16:21:40.770" endtime="20210903 16:21:47.896"/>
</test>
<doc>Teste de validação da programação ao vivo do site Sky para Desafio Accenture</doc>
<status status="PASS" starttime="20210903 16:21:39.953" endtime="20210903 16:21:47.899"/>
</suite>
<statistics>
<total>
<stat pass="1" fail="0" skip="0">All Tests</stat>
</total>
<tag>
</tag>
<suite>
<stat pass="1" fail="0" skip="0" id="s1" name="Validate Tv Schedule">Validate Tv Schedule</stat>
</suite>
</statistics>
<errors>
</errors>
</robot>
